[debug] [2021-07-27T12:56:48.524Z] ----------------------------------------------------------------------
[debug] [2021-07-27T12:56:48.526Z] Command:       /usr/local/lib/node_modules/firebase-tools/lib/bin/firebase.js /Users/bocacode/.cache/firebase/tools/lib/node_modules/firebase-tools/lib/bin/firebase init
[debug] [2021-07-27T12:56:48.526Z] CLI Version:   9.6.1
[debug] [2021-07-27T12:56:48.526Z] Platform:      darwin
[debug] [2021-07-27T12:56:48.526Z] Node Version:  v12.18.1
[debug] [2021-07-27T12:56:48.527Z] Time:          Tue Jul 27 2021 08:56:48 GMT-0400 (Eastern Daylight Time)
[debug] [2021-07-27T12:56:48.527Z] ----------------------------------------------------------------------
[debug] [2021-07-27T12:56:48.527Z] 
[debug] [2021-07-27T12:56:48.530Z] > command requires scopes: ["email","openid","https://www.googleapis.com/auth/cloudplatformprojects.readonly","https://www.googleapis.com/auth/firebase","https://www.googleapis.com/auth/cloud-platform"]
[debug] [2021-07-27T12:56:48.531Z] > authorizing via signed-in user
[info] 
     ######## #### ########  ######## ########     ###     ######  ########
     ##        ##  ##     ## ##       ##     ##  ##   ##  ##       ##
     ######    ##  ########  ######   ########  #########  ######  ######
     ##        ##  ##    ##  ##       ##     ## ##     ##       ## ##
     ##       #### ##     ## ######## ########  ##     ##  ######  ########

You're about to initialize a Firebase project in this directory:

  /Users/bocacode/code/representative-finder-mb

Before we get started, keep in mind:

  * You are initializing in an existing Firebase project directory

[info] 
=== Project Setup
[info] 
[info] First, let's associate this project directory with a Firebase project.
[info] You can create multiple project aliases by running firebase use --add, 
[info] but for now we'll just set up a default project.
[info] 
[info] i  .firebaserc already has a default project, using rep-finder-mdb. 
[debug] [2021-07-27T12:56:51.559Z] > refreshing access token with scopes: []
[debug] [2021-07-27T12:56:51.560Z] >>> HTTP REQUEST POST https://www.googleapis.com/oauth2/v3/token  
 <request body omitted>
[debug] [2021-07-27T12:56:51.725Z] <<< HTTP RESPONSE 200 {"pragma":"no-cache","date":"Tue, 27 Jul 2021 12:56:51 GMT","cache-control":"no-cache, no-store, max-age=0, must-revalidate","expires":"Mon, 01 Jan 1990 00:00:00 GMT","content-type":"application/json; charset=utf-8","vary":"X-Origin, Referer, Origin,Accept-Encoding","server":"scaffolding on HTTPServer2","x-xss-protection":"0","x-frame-options":"SAMEORIGIN","x-content-type-options":"nosniff","alt-svc":"h3=\":443\"; ma=2592000,h3-29=\":443\"; ma=2592000,h3-T051=\":443\"; ma=2592000,h3-Q050=\":443\"; ma=2592000,h3-Q046=\":443\"; ma=2592000,h3-Q043=\":443\"; ma=2592000,quic=\":443\"; ma=2592000; v=\"46,43\"","accept-ranges":"none","transfer-encoding":"chunked"}
[debug] [2021-07-27T12:56:51.751Z] >>> [apiv2][query] GET https://firebase.googleapis.com/v1beta1/projects/rep-finder-mdb [none]
[debug] [2021-07-27T12:56:52.014Z] <<< [apiv2][status] GET https://firebase.googleapis.com/v1beta1/projects/rep-finder-mdb 403
[debug] [2021-07-27T12:56:52.014Z] <<< [apiv2][body] GET https://firebase.googleapis.com/v1beta1/projects/rep-finder-mdb {"error":{"code":403,"message":"The caller does not have permission","status":"PERMISSION_DENIED"}}
[debug] [2021-07-27T12:56:52.014Z] HTTP Error: 403, The caller does not have permission
[debug] [2021-07-27T12:56:52.097Z] FirebaseError: HTTP Error: 403, The caller does not have permission
    at module.exports (/Users/bocacode/.cache/firebase/tools/lib/node_modules/firebase-tools/lib/responseToError.js:38:12)
    at Client.doRequest (/Users/bocacode/.cache/firebase/tools/lib/node_modules/firebase-tools/lib/apiv2.js:238:23)
    at processTicksAndRejections (internal/process/task_queues.js:97:5)
    at async Client.request (/Users/bocacode/.cache/firebase/tools/lib/node_modules/firebase-tools/lib/apiv2.js:96:20)
    at async Object.getFirebaseProject (/Users/bocacode/.cache/firebase/tools/lib/node_modules/firebase-tools/lib/management/projects.js:289:21)
    at async Object.doSetup [as project] (/Users/bocacode/.cache/firebase/tools/lib/node_modules/firebase-tools/lib/init/features/project.js:77:27)
    at async init (/Users/bocacode/.cache/firebase/tools/lib/node_modules/firebase-tools/lib/init/index.js:19:9)
[error] 
[error] Error: Failed to get Firebase project rep-finder-mdb. Please make sure the project exists and your account has permission to access it.
[debug] [2021-07-27T12:57:35.231Z] ----------------------------------------------------------------------
[debug] [2021-07-27T12:57:35.232Z] Command:       /usr/local/lib/node_modules/firebase-tools/lib/bin/firebase.js /Users/bocacode/.cache/firebase/tools/lib/node_modules/firebase-tools/lib/bin/firebase init
[debug] [2021-07-27T12:57:35.232Z] CLI Version:   9.6.1
[debug] [2021-07-27T12:57:35.232Z] Platform:      darwin
[debug] [2021-07-27T12:57:35.232Z] Node Version:  v12.18.1
[debug] [2021-07-27T12:57:35.233Z] Time:          Tue Jul 27 2021 08:57:35 GMT-0400 (Eastern Daylight Time)
[debug] [2021-07-27T12:57:35.233Z] ----------------------------------------------------------------------
[debug] [2021-07-27T12:57:35.233Z] 
[debug] [2021-07-27T12:57:35.237Z] > command requires scopes: ["email","openid","https://www.googleapis.com/auth/cloudplatformprojects.readonly","https://www.googleapis.com/auth/firebase","https://www.googleapis.com/auth/cloud-platform"]
[debug] [2021-07-27T12:57:35.237Z] > authorizing via signed-in user
[info] 
     ######## #### ########  ######## ########     ###     ######  ########
     ##        ##  ##     ## ##       ##     ##  ##   ##  ##       ##
     ######    ##  ########  ######   ########  #########  ######  ######
     ##        ##  ##    ##  ##       ##     ## ##     ##       ## ##
     ##       #### ##     ## ######## ########  ##     ##  ######  ########

You're about to initialize a Firebase project in this directory:

  /Users/bocacode/code/representative-finder-na

Before we get started, keep in mind:

  * You are initializing in an existing Firebase project directory

[info] 
=== Project Setup
[info] 
[info] First, let's associate this project directory with a Firebase project.
[info] You can create multiple project aliases by running firebase use --add, 
[info] but for now we'll just set up a default project.
[info] 
[info] i  .firebaserc already has a default project, using rep-finder-mdb. 
[debug] [2021-07-27T12:57:37.601Z] >>> [apiv2][query] GET https://firebase.googleapis.com/v1beta1/projects/rep-finder-mdb [none]
[debug] [2021-07-27T12:57:37.980Z] <<< [apiv2][status] GET https://firebase.googleapis.com/v1beta1/projects/rep-finder-mdb 403
[debug] [2021-07-27T12:57:37.980Z] <<< [apiv2][body] GET https://firebase.googleapis.com/v1beta1/projects/rep-finder-mdb {"error":{"code":403,"message":"The caller does not have permission","status":"PERMISSION_DENIED"}}
[debug] [2021-07-27T12:57:37.981Z] HTTP Error: 403, The caller does not have permission
[debug] [2021-07-27T12:57:38.092Z] FirebaseError: HTTP Error: 403, The caller does not have permission
    at module.exports (/Users/bocacode/.cache/firebase/tools/lib/node_modules/firebase-tools/lib/responseToError.js:38:12)
    at Client.doRequest (/Users/bocacode/.cache/firebase/tools/lib/node_modules/firebase-tools/lib/apiv2.js:238:23)
    at processTicksAndRejections (internal/process/task_queues.js:97:5)
    at async Client.request (/Users/bocacode/.cache/firebase/tools/lib/node_modules/firebase-tools/lib/apiv2.js:96:20)
    at async Object.getFirebaseProject (/Users/bocacode/.cache/firebase/tools/lib/node_modules/firebase-tools/lib/management/projects.js:289:21)
    at async Object.doSetup [as project] (/Users/bocacode/.cache/firebase/tools/lib/node_modules/firebase-tools/lib/init/features/project.js:77:27)
    at async init (/Users/bocacode/.cache/firebase/tools/lib/node_modules/firebase-tools/lib/init/index.js:19:9)
[error] 
[error] Error: Failed to get Firebase project rep-finder-mdb. Please make sure the project exists and your account has permission to access it.
